<?xml version="1.0" encoding="UTF-8"?>
<!-- Generated by org.testng.reporters.JUnitReportReporter -->
<testsuite skipped="16" hostname="Admins-Mac-mini.local" name="com.crm.qa.testcases.InboxTest" tests="17" failures="0" timestamp="2023-08-24T11:15:30 IST" time="3.657" errors="1">
  <testcase name="setUp" time="3.656" classname="com.crm.qa.testcases.InboxTest">
    <error type="org.openqa.selenium.SessionNotCreatedException" message="Could not start a new session. Response code 500. Message: session not created: This version of ChromeDriver only supports Chrome version 114
Current browser version is 116.0.5845.96 with binary path /Applications/Google Chrome.app/Contents/MacOS/Google Chrome 
Host info: host: &#039;Admins-Mac-mini.local&#039;, ip: &#039;fe80:0:0:0:97:358b:b5cf:60a6%en0&#039;
Build info: version: &#039;4.9.1&#039;, revision: &#039;eb2032df7f&#039;
System info: os.name: &#039;Mac OS X&#039;, os.arch: &#039;x86_64&#039;, os.version: &#039;12.6.3&#039;, java.version: &#039;1.8.0_371&#039;
Driver info: org.openqa.selenium.chrome.ChromeDriver
Command: [null, newSession {capabilities=[Capabilities {browserName: chrome, goog:chromeOptions: {args: [--remote-allow-origins=*], extensions: []}}]}]">
      <![CDATA[org.openqa.selenium.SessionNotCreatedException: Could not start a new session. Response code 500. Message: session not created: This version of ChromeDriver only supports Chrome version 114
Current browser version is 116.0.5845.96 with binary path /Applications/Google Chrome.app/Contents/MacOS/Google Chrome 
Host info: host: 'Admins-Mac-mini.local', ip: 'fe80:0:0:0:97:358b:b5cf:60a6%en0'
Build info: version: '4.9.1', revision: 'eb2032df7f'
System info: os.name: 'Mac OS X', os.arch: 'x86_64', os.version: '12.6.3', java.version: '1.8.0_371'
Driver info: org.openqa.selenium.chrome.ChromeDriver
Command: [null, newSession {capabilities=[Capabilities {browserName: chrome, goog:chromeOptions: {args: [--remote-allow-origins=*], extensions: []}}]}]
at org.openqa.selenium.remote.ProtocolHandshake.createSession(ProtocolHandshake.java:136)
at org.openqa.selenium.remote.ProtocolHandshake.createSession(ProtocolHandshake.java:94)
at org.openqa.selenium.remote.ProtocolHandshake.createSession(ProtocolHandshake.java:68)
at org.openqa.selenium.remote.HttpCommandExecutor.execute(HttpCommandExecutor.java:165)
at org.openqa.selenium.remote.service.DriverCommandExecutor.invokeExecute(DriverCommandExecutor.java:183)
at org.openqa.selenium.remote.service.DriverCommandExecutor.execute(DriverCommandExecutor.java:158)
at org.openqa.selenium.remote.RemoteWebDriver.execute(RemoteWebDriver.java:543)
at org.openqa.selenium.remote.RemoteWebDriver.startSession(RemoteWebDriver.java:229)
at org.openqa.selenium.remote.RemoteWebDriver.<init>(RemoteWebDriver.java:157)
at org.openqa.selenium.chromium.ChromiumDriver.<init>(ChromiumDriver.java:101)
at org.openqa.selenium.chrome.ChromeDriver.<init>(ChromeDriver.java:88)
at org.openqa.selenium.chrome.ChromeDriver.<init>(ChromeDriver.java:84)
at org.openqa.selenium.chrome.ChromeDriver.<init>(ChromeDriver.java:52)
at com.crm.qa.base.TestBase.initialization(TestBase.java:39)
at com.crm.qa.testcases.InboxTest.setUp(InboxTest.java:28)
at sun.reflect.NativeMethodAccessorImpl.invoke0(Native Method)
at sun.reflect.NativeMethodAccessorImpl.invoke(NativeMethodAccessorImpl.java:62)
at sun.reflect.DelegatingMethodAccessorImpl.invoke(DelegatingMethodAccessorImpl.java:43)
at java.lang.reflect.Method.invoke(Method.java:498)
at org.testng.internal.MethodInvocationHelper.invokeMethod(MethodInvocationHelper.java:133)
at org.testng.internal.MethodInvocationHelper.invokeMethodConsideringTimeout(MethodInvocationHelper.java:62)
at org.testng.internal.ConfigInvoker.invokeConfigurationMethod(ConfigInvoker.java:385)
at org.testng.internal.ConfigInvoker.invokeConfigurations(ConfigInvoker.java:321)
at org.testng.internal.TestInvoker.runConfigMethods(TestInvoker.java:700)
at org.testng.internal.TestInvoker.invokeMethod(TestInvoker.java:527)
at org.testng.internal.TestInvoker.invokeTestMethod(TestInvoker.java:173)
at org.testng.internal.MethodRunner.runInSequence(MethodRunner.java:46)
at org.testng.internal.TestInvoker$MethodInvocationAgent.invoke(TestInvoker.java:824)
at org.testng.internal.TestInvoker.invokeTestMethods(TestInvoker.java:146)
at org.testng.internal.TestMethodWorker.invokeTestMethods(TestMethodWorker.java:146)
at org.testng.internal.TestMethodWorker.run(TestMethodWorker.java:128)
at java.util.ArrayList.forEach(ArrayList.java:1259)
at org.testng.TestRunner.privateRun(TestRunner.java:794)
at org.testng.TestRunner.run(TestRunner.java:596)
at org.testng.SuiteRunner.runTest(SuiteRunner.java:377)
at org.testng.SuiteRunner.runSequentially(SuiteRunner.java:371)
at org.testng.SuiteRunner.privateRun(SuiteRunner.java:332)
at org.testng.SuiteRunner.run(SuiteRunner.java:276)
at org.testng.SuiteRunnerWorker.runSuite(SuiteRunnerWorker.java:53)
at org.testng.SuiteRunnerWorker.run(SuiteRunnerWorker.java:96)
at org.testng.TestNG.runSuitesSequentially(TestNG.java:1212)
at org.testng.TestNG.runSuitesLocally(TestNG.java:1134)
at org.testng.TestNG.runSuites(TestNG.java:1063)
at org.testng.TestNG.run(TestNG.java:1031)
at org.testng.remote.AbstractRemoteTestNG.run(AbstractRemoteTestNG.java:115)
at org.testng.remote.RemoteTestNG.initAndRun(RemoteTestNG.java:251)
at org.testng.remote.RemoteTestNG.main(RemoteTestNG.java:77)
]]>
    </error>
  </testcase> <!-- setUp -->
  <system-out/>
  <testcase name="ViewListTest" time="0.000" classname="com.crm.qa.testcases.InboxTest">
    <skipped/>
  </testcase> <!-- ViewListTest -->
  <system-out/>
  <testcase name="SelectAllTest" time="0.000" classname="com.crm.qa.testcases.InboxTest">
    <skipped/>
  </testcase> <!-- SelectAllTest -->
  <system-out/>
  <testcase name="HovericonTest" time="0.000" classname="com.crm.qa.testcases.InboxTest">
    <skipped/>
  </testcase> <!-- HovericonTest -->
  <system-out/>
  <testcase name="SingleChekTest" time="0.000" classname="com.crm.qa.testcases.InboxTest">
    <skipped/>
  </testcase> <!-- SingleChekTest -->
  <system-out/>
  <testcase name="EmailDropdrownTest" time="0.000" classname="com.crm.qa.testcases.InboxTest">
    <skipped/>
  </testcase> <!-- EmailDropdrownTest -->
  <system-out/>
  <testcase name="ReplyiconTest" time="0.000" classname="com.crm.qa.testcases.InboxTest">
    <skipped/>
  </testcase> <!-- ReplyiconTest -->
  <system-out/>
  <testcase name="InmailDeleteicon" time="0.000" classname="com.crm.qa.testcases.InboxTest">
    <skipped/>
  </testcase> <!-- InmailDeleteicon -->
  <system-out/>
  <testcase name="ForwardTest" time="0.000" classname="com.crm.qa.testcases.InboxTest">
    <skipped/>
  </testcase> <!-- ForwardTest -->
  <system-out/>
  <testcase name="ClickcancelinmailTest" time="0.000" classname="com.crm.qa.testcases.InboxTest">
    <skipped/>
  </testcase> <!-- ClickcancelinmailTest -->
  <system-out/>
  <testcase name="ClickOKinmailTest" time="0.001" classname="com.crm.qa.testcases.InboxTest">
    <skipped/>
  </testcase> <!-- ClickOKinmailTest -->
  <system-out/>
  <testcase name="CloseMailTest" time="0.000" classname="com.crm.qa.testcases.InboxTest">
    <skipped/>
  </testcase> <!-- CloseMailTest -->
  <system-out/>
  <testcase name="RIghtClickTest" time="0.000" classname="com.crm.qa.testcases.InboxTest">
    <skipped/>
  </testcase> <!-- RIghtClickTest -->
  <system-out/>
  <testcase name="SendReply" time="0.000" classname="com.crm.qa.testcases.InboxTest">
    <skipped/>
  </testcase> <!-- SendReply -->
  <system-out/>
  <testcase name="ForwardNameTest" time="0.000" classname="com.crm.qa.testcases.InboxTest">
    <skipped/>
  </testcase> <!-- ForwardNameTest -->
  <system-out/>
  <testcase name="ListSpamClick" time="0.000" classname="com.crm.qa.testcases.InboxTest">
    <skipped/>
  </testcase> <!-- ListSpamClick -->
  <system-out/>
  <testcase name="ListSeenClick" time="0.000" classname="com.crm.qa.testcases.InboxTest">
    <skipped/>
  </testcase> <!-- ListSeenClick -->
  <system-out/>
</testsuite> <!-- com.crm.qa.testcases.InboxTest -->
